c:\users\jeffr\source\repos\finalproject\core\x64\debug\vc142.pdb
c:\users\jeffr\source\repos\finalproject\core\x64\debug\vc142.idb
c:\users\jeffr\source\repos\finalproject\core\x64\debug\stringutils.obj
c:\users\jeffr\source\repos\finalproject\core\x64\debug\observer.obj
c:\users\jeffr\source\repos\finalproject\core\x64\debug\libraryload.obj
c:\users\jeffr\source\repos\finalproject\core\x64\debug\guidobject.obj
c:\users\jeffr\source\repos\finalproject\core\x64\debug\dllmain.obj
c:\users\jeffr\source\repos\finalproject\core\x64\debug\coreutiles.obj
c:\users\jeffr\source\repos\finalproject\core\x64\debug\coresession.obj
c:\users\jeffr\source\repos\finalproject\core\x64\debug\core.obj
c:\users\jeffr\source\repos\finalproject\core\x64\debug\bi.obj
c:\users\jeffr\source\repos\finalproject\x64\debug\core.lib
c:\users\jeffr\source\repos\finalproject\x64\debug\core.exp
c:\users\jeffr\source\repos\finalproject\core\x64\debug\core.ilk
c:\users\jeffr\source\repos\finalproject\x64\debug\core.dll
c:\users\jeffr\source\repos\finalproject\x64\debug\core.pdb
c:\users\jeffr\source\repos\finalproject\core\x64\debug\core.tlog\cl.command.1.tlog
c:\users\jeffr\source\repos\finalproject\core\x64\debug\core.tlog\cl.read.1.tlog
c:\users\jeffr\source\repos\finalproject\core\x64\debug\core.tlog\cl.write.1.tlog
c:\users\jeffr\source\repos\finalproject\core\x64\debug\core.tlog\core.write.1u.tlog
c:\users\jeffr\source\repos\finalproject\core\x64\debug\core.tlog\link.command.1.tlog
c:\users\jeffr\source\repos\finalproject\core\x64\debug\core.tlog\link.read.1.tlog
c:\users\jeffr\source\repos\finalproject\core\x64\debug\core.tlog\link.write.1.tlog
